Using pre-set license
Built from '2020.3/staging' branch; Version is '2020.3.17f1 (a4537701e4ab) revision 10769271'; Using compiler version '192528614'; Build Type 'Release'
OS: 'Windows 10 Pro; OS build 19043.1706; Version 2009; 64bit' Language: 'tr' Physical Memory: 16344 MB
BatchMode: 1, IsHumanControllingUs: 0, StartBugReporterOnCrash: 0, Is64bit: 1, IsPro: 0

COMMAND LINE ARGUMENTS:
M:\Programlar\Unity\2020.3.17f1\Editor\Unity.exe
-adb2
-batchMode
-noUpm
-name
AssetImportWorker0
-projectPath
C:/Users/nazms/OneDrive/Masaüstü/KorkuOyunu3D/KorkuOyunu
-logFile
Logs/AssetImportWorker0.log
-srvPort
61692
Successfully changed project path to: C:/Users/nazms/OneDrive/Masaüstü/KorkuOyunu3D/KorkuOyunu
C:/Users/nazms/OneDrive/Masaüstü/KorkuOyunu3D/KorkuOyunu
Using Asset Import Pipeline V2.
Refreshing native plugins compatible for Editor in 39.25 ms, found 2 plugins.
Preloading 0 native plugins for Editor in 0.00 ms.
Initialize engine version: 2020.3.17f1 (a4537701e4ab)
[Subsystems] Discovering subsystems at path M:/Programlar/Unity/2020.3.17f1/Editor/Data/Resources/UnitySubsystems
[Subsystems] Discovering subsystems at path C:/Users/nazms/OneDrive/Masaüstü/KorkuOyunu3D/KorkuOyunu/Assets
GfxDevice: creating device client; threaded=0
Direct3D:
    Version:  Direct3D 11.0 [level 11.1]
    Renderer: NVIDIA GeForce GTX 1060 6GB (ID=0x1c03)
    Vendor:   
    VRAM:     6052 MB
    Driver:   30.0.15.1295
Initialize mono
Mono path[0] = 'M:/Programlar/Unity/2020.3.17f1/Editor/Data/Managed'
Mono path[1] = 'M:/Programlar/Unity/2020.3.17f1/Editor/Data/MonoBleedingEdge/lib/mono/unityjit'
Mono config path = 'M:/Programlar/Unity/2020.3.17f1/Editor/Data/MonoBleedingEdge/etc'
Using monoOptions --debugger-agent=transport=dt_socket,embedding=1,server=y,suspend=n,address=127.0.0.1:56864
Begin MonoManager ReloadAssembly
Registering precompiled unity dll's ...
Register platform support module: M:/Programlar/Unity/2020.3.17f1/Editor/Data/PlaybackEngines/WindowsStandaloneSupport/UnityEditor.WindowsStandalone.Extensions.dll
Registered in 0.001499 seconds.
Native extension for WindowsStandalone target not found
Refreshing native plugins compatible for Editor in 32.95 ms, found 2 plugins.
Preloading 0 native plugins for Editor in 0.00 ms.
Mono: successfully reloaded assembly
- Completed reload, in  1.480 seconds
Domain Reload Profiling:
	ReloadAssembly (1480ms)
		BeginReloadAssembly (85ms)
			ExecutionOrderSort (0ms)
			DisableScriptedObjects (0ms)
			BackupInstance (0ms)
			ReleaseScriptingObjects (0ms)
			CreateAndSetChildDomain (1ms)
		EndReloadAssembly (493ms)
			LoadAssemblies (85ms)
			RebuildTransferFunctionScriptingTraits (0ms)
			SetupTypeCache (188ms)
			ReleaseScriptCaches (0ms)
			RebuildScriptCaches (35ms)
			SetupLoadedEditorAssemblies (185ms)
				LogAssemblyErrors (0ms)
				InitializePlatformSupportModulesInManaged (4ms)
				SetLoadedEditorAssemblies (0ms)
				RefreshPlugins (33ms)
				BeforeProcessingInitializeOnLoad (15ms)
				ProcessInitializeOnLoadAttributes (94ms)
				ProcessInitializeOnLoadMethodAttributes (39ms)
				AfterProcessingInitializeOnLoad (0ms)
				EditorAssembliesLoaded (0ms)
			ExecutionOrderSort2 (0ms)
			AwakeInstancesAfterBackupRestoration (0ms)
Platform modules already initialized, skipping
Registering precompiled user dll's ...
Registered in 0.009846 seconds.
Begin MonoManager ReloadAssembly
Native extension for WindowsStandalone target not found
Refreshing native plugins compatible for Editor in 0.63 ms, found 2 plugins.
Preloading 0 native plugins for Editor in 0.00 ms.
Mono: successfully reloaded assembly
- Completed reload, in  1.343 seconds
Domain Reload Profiling:
	ReloadAssembly (1344ms)
		BeginReloadAssembly (201ms)
			ExecutionOrderSort (0ms)
			DisableScriptedObjects (5ms)
			BackupInstance (0ms)
			ReleaseScriptingObjects (0ms)
			CreateAndSetChildDomain (22ms)
		EndReloadAssembly (1059ms)
			LoadAssemblies (127ms)
			RebuildTransferFunctionScriptingTraits (0ms)
			SetupTypeCache (338ms)
			ReleaseScriptCaches (0ms)
			RebuildScriptCaches (48ms)
			SetupLoadedEditorAssemblies (463ms)
				LogAssemblyErrors (0ms)
				InitializePlatformSupportModulesInManaged (5ms)
				SetLoadedEditorAssemblies (0ms)
				RefreshPlugins (1ms)
				BeforeProcessingInitializeOnLoad (100ms)
				ProcessInitializeOnLoadAttributes (347ms)
				ProcessInitializeOnLoadMethodAttributes (6ms)
				AfterProcessingInitializeOnLoad (4ms)
				EditorAssembliesLoaded (0ms)
			ExecutionOrderSort2 (0ms)
			AwakeInstancesAfterBackupRestoration (9ms)
Platform modules already initialized, skipping
========================================================================
Worker process is ready to serve import requests
Launched and connected shader compiler UnityShaderCompiler.exe after 0.12 seconds
Refreshing native plugins compatible for Editor in 0.39 ms, found 2 plugins.
Preloading 0 native plugins for Editor in 0.00 ms.
Unloading 1397 Unused Serialized files (Serialized files now loaded: 0)
System memory in use before: 64.9 MB.
System memory in use after: 65.0 MB.

Unloading 18 unused Assets to reduce memory usage. Loaded Objects now: 1830.
Total: 3.089100 ms (FindLiveObjects: 0.162200 ms CreateObjectMapping: 0.054300 ms MarkObjects: 2.793500 ms  DeleteObjects: 0.077600 ms)

AssetImportParameters requested are different than current active one (requested -> active):
  custom:framework-win-MediaFoundation: 216162199b28c13a410421893ffa2e32 -> 
  custom:video-decoder-ogg-theora: a1e56fd34408186e4bbccfd4996cb3dc -> 
  custom:container-muxer-webm: aa71ff27fc2769a1b78a27578f13a17b -> 
  custom:container-demuxer-webm: 4f35f7cbe854078d1ac9338744f61a02 -> 
  custom:container-demuxer-ogg: 62fdf1f143b41e24485cea50d1cbac27 -> 
  custom:video-encoder-webm-vp8: eb34c28f22e8b96e1ab97ce403110664 -> 
  custom:video-decoder-webm-vp8: 9c59270c3fd7afecdb556c50c9e8de78 -> 
  custom:audio-decoder-ogg-vorbis: bf7c407c2cedff20999df2af8eb42d56 -> 
  custom:audio-encoder-webm-vorbis: bf7c407c2cedff20999df2af8eb42d56 -> 
========================================================================
Received Import Request.
  path: Assets
  artifactKey: Guid(00000000000000001000000000000000) Importer(815301076,1909f56bfc062723c751e8b465ee728b)
Start importing Assets using Guid(00000000000000001000000000000000) Importer(815301076,1909f56bfc062723c751e8b465ee728b)  -> (artifact id: '42d402b061de3733987d63b9cc3b64de') in 0.011578 seconds 
  Import took 0.014248 seconds .

========================================================================
Received Import Request.
  Time since last request: 1.369558 seconds.
  path: Assets/Prefabs
  artifactKey: Guid(eddcd07ccf15e714bb2b33a7e3c13223) Importer(815301076,1909f56bfc062723c751e8b465ee728b)
Start importing Assets/Prefabs using Guid(eddcd07ccf15e714bb2b33a7e3c13223) Importer(815301076,1909f56bfc062723c751e8b465ee728b)  -> (artifact id: 'ba25033dbbc073fef50599db80bc4dda') in 0.010349 seconds 
  Import took 0.014047 seconds .

========================================================================
Received Import Request.
  Time since last request: 7.963575 seconds.
  path: Assets/Scripts
  artifactKey: Guid(bc4dcf571ed648e42ba42c76d4b4bc8a) Importer(815301076,1909f56bfc062723c751e8b465ee728b)
Start importing Assets/Scripts using Guid(bc4dcf571ed648e42ba42c76d4b4bc8a) Importer(815301076,1909f56bfc062723c751e8b465ee728b)  -> (artifact id: '2871f35e6c104914295ac74a5bfbc854') in 0.022948 seconds 
  Import took 0.028060 seconds .

========================================================================
Received Import Request.
  Time since last request: 11.421335 seconds.
  path: Assets/Models
  artifactKey: Guid(9c6f7b18161f1a445a2a8768942a8a06) Importer(815301076,1909f56bfc062723c751e8b465ee728b)
Start importing Assets/Models using Guid(9c6f7b18161f1a445a2a8768942a8a06) Importer(815301076,1909f56bfc062723c751e8b465ee728b)  -> (artifact id: '0044501e6fd0a5c2ea7901190697b5da') in 0.009976 seconds 
  Import took 0.012507 seconds .

========================================================================
Received Import Request.
  Time since last request: 7.254239 seconds.
  path: Assets/Sounds
  artifactKey: Guid(6d28326fce9600e41b9a6778c4352158) Importer(815301076,1909f56bfc062723c751e8b465ee728b)
Start importing Assets/Sounds using Guid(6d28326fce9600e41b9a6778c4352158) Importer(815301076,1909f56bfc062723c751e8b465ee728b)  -> (artifact id: 'f3010aae711ffbd5c2553abeb6756800') in 0.009321 seconds 
  Import took 0.012039 seconds .

========================================================================
Received Import Request.
  Time since last request: 6.040373 seconds.
  path: Assets/Sprites
  artifactKey: Guid(03fea947959d9e244bb2c962811b44d7) Importer(815301076,1909f56bfc062723c751e8b465ee728b)
Start importing Assets/Sprites using Guid(03fea947959d9e244bb2c962811b44d7) Importer(815301076,1909f56bfc062723c751e8b465ee728b)  -> (artifact id: '7474b21aa14c14ab83c9cdd35ba1f51e') in 0.010712 seconds 
  Import took 0.014772 seconds .

========================================================================
Received Import Request.
  Time since last request: 0.000949 seconds.
  path: Assets/Sprites
  artifactKey: Guid(03fea947959d9e244bb2c962811b44d7) Importer(815301076,1909f56bfc062723c751e8b465ee728b)
Start importing Assets/Sprites using Guid(03fea947959d9e244bb2c962811b44d7) Importer(815301076,1909f56bfc062723c751e8b465ee728b)  -> (artifact id: '7474b21aa14c14ab83c9cdd35ba1f51e') in 0.011075 seconds 
  Import took 0.016069 seconds .

========================================================================
Received Import Request.
  Time since last request: 6.896637 seconds.
  path: Assets/Anims
  artifactKey: Guid(2e3a9bd507be40f48ab808850dd66ab0) Importer(815301076,1909f56bfc062723c751e8b465ee728b)
Start importing Assets/Anims using Guid(2e3a9bd507be40f48ab808850dd66ab0) Importer(815301076,1909f56bfc062723c751e8b465ee728b)  -> (artifact id: '4bc1fc68d7b774241fb1ca60f7d752fd') in 0.012779 seconds 
  Import took 0.016297 seconds .

========================================================================
Received Import Request.
  Time since last request: 26.903297 seconds.
  path: Assets/Materials
  artifactKey: Guid(2c08b8b992848b64582b49fc143c1679) Importer(815301076,1909f56bfc062723c751e8b465ee728b)
Start importing Assets/Materials using Guid(2c08b8b992848b64582b49fc143c1679) Importer(815301076,1909f56bfc062723c751e8b465ee728b)  -> (artifact id: '16c17e4e94693f88af4918358a54e60e') in 0.010235 seconds 
  Import took 0.013837 seconds .

